<?xml version="1.0" encoding="UTF-8"?>
<testng-results ignored="0" total="1" passed="1" failed="0" skipped="0">
  <reporter-output>
  </reporter-output>
  <suite started-at="2023-06-01T10:59:33 CEST" name="Surefire suite" finished-at="2023-06-01T10:59:33 CEST" duration-ms="107">
    <groups>
    </groups>
    <test started-at="2023-06-01T10:59:33 CEST" name="Surefire test" finished-at="2023-06-01T10:59:33 CEST" duration-ms="107">
      <class name="ua.hillel.tests.FirstTest">
        <test-method signature="firstTest()[pri:0, instance:ua.hillel.tests.FirstTest@58a90037]" started-at="2023-06-01T10:59:33 CEST" name="firstTest" finished-at="2023-06-01T10:59:33 CEST" duration-ms="6" status="PASS">
          <reporter-output>
          </reporter-output>
        </test-method> <!-- firstTest -->
      </class> <!-- ua.hillel.tests.FirstTest -->
    </test> <!-- Surefire test -->
  </suite> <!-- Surefire suite -->
</testng-results>
